Thu Jul 13 12:30:50 2017: Enqueued. Job name: testruns
Thu Jul 13 12:30:52 2017: Job ID: 1333705
Thu Jul 13 12:30:53 2017: Enqueued. Job name: testruns
Thu Jul 13 12:30:53 2017: Started on jagupard15 in jag queue.
Thu Jul 13 12:30:53 2017: Completed on jagupard15
Thu Jul 13 12:30:55 2017: Job ID: 1333706
Thu Jul 13 12:30:56 2017: Enqueued. Job name: testruns
Thu Jul 13 12:30:57 2017: Started on jagupard15 in jag queue.
Thu Jul 13 12:30:57 2017: Completed on jagupard15
Thu Jul 13 12:30:58 2017: Job ID: 1333707
Thu Jul 13 12:30:59 2017: Started on jagupard15 in jag queue.
Thu Jul 13 12:30:59 2017: Completed on jagupard15
Thu Jul 13 12:31:00 2017: Enqueued. Job name: testruns
Thu Jul 13 12:31:02 2017: Job ID: 1333708
Thu Jul 13 12:31:03 2017: Enqueued. Job name: testruns
Thu Jul 13 12:31:03 2017: Started on jagupard15 in jag queue.
Thu Jul 13 12:31:03 2017: Completed on jagupard15
Thu Jul 13 12:31:05 2017: Job ID: 1333709
Thu Jul 13 12:31:05 2017: Enqueued. Job name: testruns
Thu Jul 13 12:31:06 2017: Started on jagupard15 in jag queue.
Thu Jul 13 12:31:06 2017: Completed on jagupard15
Thu Jul 13 12:31:08 2017: Job ID: 1333710
Thu Jul 13 12:31:08 2017: Enqueued. Job name: testruns
Thu Jul 13 12:31:10 2017: Started on jagupard15 in jag queue.
Thu Jul 13 12:31:10 2017: Completed on jagupard15
Thu Jul 13 12:31:11 2017: Job ID: 1333711
Thu Jul 13 12:31:11 2017: Enqueued. Job name: testruns
Thu Jul 13 12:31:12 2017: Started on jagupard15 in jag queue.
Thu Jul 13 12:31:12 2017: Completed on jagupard15
Thu Jul 13 12:31:14 2017: Job ID: 1333712
Thu Jul 13 12:31:14 2017: Started on jagupard15 in jag queue.
Thu Jul 13 12:31:14 2017: Completed on jagupard15
Thu Jul 13 12:31:14 2017: Enqueued. Job name: testruns
Thu Jul 13 12:31:17 2017: Job ID: 1333713
Thu Jul 13 12:31:18 2017: Enqueued. Job name: testruns
Thu Jul 13 12:31:19 2017: Started on jagupard15 in jag queue.
Thu Jul 13 12:31:19 2017: Completed on jagupard15
Thu Jul 13 12:31:20 2017: Job ID: 1333714
Thu Jul 13 12:31:21 2017: Started on jagupard15 in jag queue.
Thu Jul 13 12:31:21 2017: Completed on jagupard15
Thu Jul 13 12:32:22 2017: Enqueued. Job name: testruns
Thu Jul 13 12:32:24 2017: Job ID: 1333717
Thu Jul 13 12:32:25 2017: Enqueued. Job name: testruns
Thu Jul 13 12:32:26 2017: Started on jagupard15 in jag queue.
Thu Jul 13 12:32:27 2017: Job ID: 1333718
Thu Jul 13 12:32:27 2017: Enqueued. Job name: testruns
Thu Jul 13 12:32:28 2017: Started on jagupard15 in jag queue.
Thu Jul 13 12:32:30 2017: Job ID: 1333719
Thu Jul 13 12:32:30 2017: Enqueued. Job name: testruns
Thu Jul 13 12:32:32 2017: Started on jagupard15 in jag queue.
Thu Jul 13 12:32:33 2017: Job ID: 1333720
Thu Jul 13 12:32:34 2017: Enqueued. Job name: testruns
Thu Jul 13 12:32:34 2017: Started on jagupard15 in jag queue.
Thu Jul 13 12:32:36 2017: Job ID: 1333721
Thu Jul 13 12:32:37 2017: Enqueued. Job name: testruns
Thu Jul 13 12:32:37 2017: Started on jagupard15 in jag queue.
Thu Jul 13 12:32:39 2017: Job ID: 1333722
Thu Jul 13 12:32:40 2017: Enqueued. Job name: testruns
Thu Jul 13 12:32:41 2017: Started on jagupard14 in jag queue.
Thu Jul 13 12:32:42 2017: Job ID: 1333723
Thu Jul 13 12:32:43 2017: Enqueued. Job name: testruns
Thu Jul 13 12:32:44 2017: Started on jagupard14 in jag queue.
Thu Jul 13 12:32:45 2017: Job ID: 1333724
Thu Jul 13 12:32:45 2017: Completed on jagupard15
Thu Jul 13 12:32:46 2017: Completed on jagupard15
Thu Jul 13 12:32:46 2017: Completed on jagupard15
Thu Jul 13 12:32:46 2017: Enqueued. Job name: testruns
Thu Jul 13 12:32:46 2017: Started on jagupard14 in jag queue.
Thu Jul 13 12:32:48 2017: Job ID: 1333725
Thu Jul 13 12:32:49 2017: Enqueued. Job name: testruns
Thu Jul 13 12:32:49 2017: Started on jagupard15 in jag queue.
Thu Jul 13 12:32:51 2017: Job ID: 1333726
Thu Jul 13 12:32:52 2017: Started on jagupard15 in jag queue.
Thu Jul 13 12:53:38 2017: Completed on jagupard15
Thu Jul 13 14:58:26 2017: Completed on jagupard15
Thu Jul 13 16:04:28 2017: Completed on jagupard15
Thu Jul 13 16:04:28 2017: Completed on jagupard15
Thu Jul 13 16:18:16 2017: Completed on jagupard14
Thu Jul 13 16:18:35 2017: Completed on jagupard14
Mon Jul 17 17:29:27 2017: Completed on jagupard14
